<?xml version="1.0" encoding="UTF-8"?>
<!-- Generated by org.testng.reporters.JUnitReportReporter -->
<testsuite hostname="Akash-PC" failures="0" tests="1" name="com.assigment.tests.AssigmentScenarioTest" time="17.266" errors="0" timestamp="2020-10-29T14:56:11 IST" skipped="0">
  <testcase classname="com.assigment.tests.AssigmentScenarioTest" name="bookFlightTicket" time="17.266"/>
  <system-out/>
</testsuite> <!-- com.assigment.tests.AssigmentScenarioTest -->
